<?xml version="1.0" encoding="UTF-8"?>
<!-- Generated by org.testng.reporters.JUnitReportReporter -->
<testsuite hostname="YMLs-MBP.bbrouter" failures="0" tests="1" name="com.veevasys.runnerClass" time="5.173" errors="0" timestamp="2024-07-27T19:56:46 IST" skipped="0">
  <testcase classname="com.veevasys.runnerClass" name="runScenario" time="5.173">
    <system-out>
      <![CDATA[Execution setup success...]]>
    </system-out>
  </testcase> <!-- runScenario -->
  <system-out>
    <![CDATA[Execution setup success...]]>
  </system-out>
</testsuite> <!-- com.veevasys.runnerClass -->
