<?xml version="1.0" encoding="UTF-8"?>
<!-- Generated by org.testng.reporters.JUnitReportReporter -->
<testsuite hostname="YMLs-MBP.bbrouter" failures="0" tests="3" name="com.veevasys.runnerClass" time="24.079" errors="0" timestamp="2024-07-27T19:56:37 IST" skipped="0">
  <testcase classname="com.veevasys.runnerClass" name="runScenario" time="7.889">
    <system-out>
      <![CDATA[Execution setup success...]]>
    </system-out>
  </testcase> <!-- runScenario -->
  <testcase classname="com.veevasys.runnerClass" name="runScenario" time="9.055">
    <system-out>
      <![CDATA[Execution setup success...]]>
    </system-out>
  </testcase> <!-- runScenario -->
  <testcase classname="com.veevasys.runnerClass" name="runScenario" time="7.135">
    <system-out>
      <![CDATA[Execution setup success...]]>
    </system-out>
  </testcase> <!-- runScenario -->
  <system-out>
    <![CDATA[Execution setup success...
Execution setup success...
Execution setup success...]]>
  </system-out>
</testsuite> <!-- com.veevasys.runnerClass -->
